   1              		.syntax unified
   2              		.cpu cortex-m4
   3              		.eabi_attribute 27, 3
   4              		.fpu fpv4-sp-d16
   5              		.eabi_attribute 20, 1
   6              		.eabi_attribute 21, 1
   7              		.eabi_attribute 23, 3
   8              		.eabi_attribute 24, 1
   9              		.eabi_attribute 25, 1
  10              		.eabi_attribute 26, 1
  11              		.eabi_attribute 30, 6
  12              		.eabi_attribute 34, 1
  13              		.eabi_attribute 18, 4
  14              		.thumb
  15              		.file	"CANGLOBAL.c"
  16              		.text
  17              	.Ltext0:
  18              		.cfi_sections	.debug_frame
  19              		.section	.text.CANGLOBAL_Init,"ax",%progbits
  20              		.align	2
  21              		.global	CANGLOBAL_Init
  22              		.thumb
  23              		.thumb_func
  25              	CANGLOBAL_Init:
  26              	.LFB112:
  27              		.file 1 "../Dave/Generated/src/CANGLOBAL/CANGLOBAL.c"
   1:../Dave/Generated/src/CANGLOBAL/CANGLOBAL.c **** /*******************************************************************************
   2:../Dave/Generated/src/CANGLOBAL/CANGLOBAL.c **** **  DAVE App Name : CANGLOBAL       App Version: 1.0.8               
   3:../Dave/Generated/src/CANGLOBAL/CANGLOBAL.c **** **  This file is generated by DAVE, User modification to this file will be    **
   4:../Dave/Generated/src/CANGLOBAL/CANGLOBAL.c **** **  overwritten at the next code generation.                                  **
   5:../Dave/Generated/src/CANGLOBAL/CANGLOBAL.c **** *******************************************************************************/
   6:../Dave/Generated/src/CANGLOBAL/CANGLOBAL.c **** 
   7:../Dave/Generated/src/CANGLOBAL/CANGLOBAL.c **** 
   8:../Dave/Generated/src/CANGLOBAL/CANGLOBAL.c **** /*CODE_BLOCK_BEGIN[CAN_GLOBAL.c]*/
   9:../Dave/Generated/src/CANGLOBAL/CANGLOBAL.c **** 
  10:../Dave/Generated/src/CANGLOBAL/CANGLOBAL.c **** /*******************************************************************************
  11:../Dave/Generated/src/CANGLOBAL/CANGLOBAL.c ****  Copyright (c) 2011, Infineon Technologies AG                                 **
  12:../Dave/Generated/src/CANGLOBAL/CANGLOBAL.c ****  All rights reserved.                                                         **
  13:../Dave/Generated/src/CANGLOBAL/CANGLOBAL.c ****                                                                               **
  14:../Dave/Generated/src/CANGLOBAL/CANGLOBAL.c ****  Redistribution and use in source and binary forms, with or without           **
  15:../Dave/Generated/src/CANGLOBAL/CANGLOBAL.c ****  modification,are permitted provided that the following conditions are met:   **
  16:../Dave/Generated/src/CANGLOBAL/CANGLOBAL.c ****                                                                               **
  17:../Dave/Generated/src/CANGLOBAL/CANGLOBAL.c ****  *Redistributions of source code must retain the above copyright notice,      **
  18:../Dave/Generated/src/CANGLOBAL/CANGLOBAL.c ****  this list of conditions and the following disclaimer.                        **
  19:../Dave/Generated/src/CANGLOBAL/CANGLOBAL.c ****  *Redistributions in binary form must reproduce the above copyright notice,   **
  20:../Dave/Generated/src/CANGLOBAL/CANGLOBAL.c ****  this list of conditions and the following disclaimer in the documentation    **
  21:../Dave/Generated/src/CANGLOBAL/CANGLOBAL.c ****  and/or other materials provided with the distribution.                       **
  22:../Dave/Generated/src/CANGLOBAL/CANGLOBAL.c ****  *Neither the name of the copyright holders nor the names of its contributors **
  23:../Dave/Generated/src/CANGLOBAL/CANGLOBAL.c ****  may be used to endorse or promote products derived from this software without** 
  24:../Dave/Generated/src/CANGLOBAL/CANGLOBAL.c ****  specific prior written permission.                                           **
  25:../Dave/Generated/src/CANGLOBAL/CANGLOBAL.c ****                                                                               **
  26:../Dave/Generated/src/CANGLOBAL/CANGLOBAL.c ****  THIS SOFTWARE IS PROVIDED BY THE COPYRIGHT HOLDERS AND CONTRIBUTORS "AS IS"  **
  27:../Dave/Generated/src/CANGLOBAL/CANGLOBAL.c ****  AND ANY EXPRESS OR IMPLIED WARRANTIES, INCLUDING, BUT NOT LIMITED TO, THE    **
  28:../Dave/Generated/src/CANGLOBAL/CANGLOBAL.c ****  IMPLIED WARRANTIES OF MERCHANTABILITY AND FITNESS FOR A PARTICULAR PURPOSE   **
  29:../Dave/Generated/src/CANGLOBAL/CANGLOBAL.c ****  ARE  DISCLAIMED. IN NO EVENT SHALL THE COPYRIGHT HOLDER OR CONTRIBUTORS BE   **
  30:../Dave/Generated/src/CANGLOBAL/CANGLOBAL.c ****  LIABLE  FOR ANY DIRECT, INDIRECT, INCIDENTAL, SPECIAL, EXEMPLARY, OR         **
  31:../Dave/Generated/src/CANGLOBAL/CANGLOBAL.c ****  CONSEQUENTIAL DAMAGES (INCLUDING, BUT NOT LIMITED TO, PROCUREMENT OF         **
  32:../Dave/Generated/src/CANGLOBAL/CANGLOBAL.c ****  SUBSTITUTE GOODS OR  SERVICES; LOSS OF USE, DATA, OR PROFITS; OR BUSINESS    **
  33:../Dave/Generated/src/CANGLOBAL/CANGLOBAL.c ****  INTERRUPTION) HOWEVER CAUSED AND ON ANY THEORY OF LIABILITY, WHETHER IN      **
  34:../Dave/Generated/src/CANGLOBAL/CANGLOBAL.c ****  CONTRACT, STRICT LIABILITY,OR TORT (INCLUDING NEGLIGENCE OR OTHERWISE)       **
  35:../Dave/Generated/src/CANGLOBAL/CANGLOBAL.c ****  ARISING IN ANY WAY OUT OF THE USE OF THIS SOFTWARE, EVEN IF ADVISED OF THE   **
  36:../Dave/Generated/src/CANGLOBAL/CANGLOBAL.c ****  POSSIBILITY OF SUCH DAMAGE.                                                  **
  37:../Dave/Generated/src/CANGLOBAL/CANGLOBAL.c ****                                                                               **
  38:../Dave/Generated/src/CANGLOBAL/CANGLOBAL.c ****  To improve the quality of the software, users are encouraged to share        **
  39:../Dave/Generated/src/CANGLOBAL/CANGLOBAL.c ****  modifications, enhancements or bug fixes with Infineon Technologies AG       **
  40:../Dave/Generated/src/CANGLOBAL/CANGLOBAL.c ****  dave@infineon.com).                                                          **
  41:../Dave/Generated/src/CANGLOBAL/CANGLOBAL.c ****                                                                               **
  42:../Dave/Generated/src/CANGLOBAL/CANGLOBAL.c **** ********************************************************************************
  43:../Dave/Generated/src/CANGLOBAL/CANGLOBAL.c **** **                                                                            **
  44:../Dave/Generated/src/CANGLOBAL/CANGLOBAL.c **** **                                                                            **
  45:../Dave/Generated/src/CANGLOBAL/CANGLOBAL.c **** ** PLATFORM : Infineon XMC4000 Series   			                          **
  46:../Dave/Generated/src/CANGLOBAL/CANGLOBAL.c **** **                                                                            **
  47:../Dave/Generated/src/CANGLOBAL/CANGLOBAL.c **** ** COMPILER : Compiler Independent                                            **
  48:../Dave/Generated/src/CANGLOBAL/CANGLOBAL.c **** **                                                                            **
  49:../Dave/Generated/src/CANGLOBAL/CANGLOBAL.c **** ** AUTHOR   : App Developer                                                   **
  50:../Dave/Generated/src/CANGLOBAL/CANGLOBAL.c **** **                                                                            **
  51:../Dave/Generated/src/CANGLOBAL/CANGLOBAL.c **** ** MAY BE CHANGED BY USER [yes/no]: Yes                                       **
  52:../Dave/Generated/src/CANGLOBAL/CANGLOBAL.c **** **                                                                            **
  53:../Dave/Generated/src/CANGLOBAL/CANGLOBAL.c **** ** MODIFICATION DATE : Dec 16, 2011                                           **
  54:../Dave/Generated/src/CANGLOBAL/CANGLOBAL.c **** **                                                                            **
  55:../Dave/Generated/src/CANGLOBAL/CANGLOBAL.c **** *******************************************************************************/
  56:../Dave/Generated/src/CANGLOBAL/CANGLOBAL.c **** /*
  57:../Dave/Generated/src/CANGLOBAL/CANGLOBAL.c **** * Version History : 
  58:../Dave/Generated/src/CANGLOBAL/CANGLOBAL.c **** * 12 Dec 2012	 v1.0.2	  1. Initial revision		  								 
  59:../Dave/Generated/src/CANGLOBAL/CANGLOBAL.c **** *                                                                          
  60:../Dave/Generated/src/CANGLOBAL/CANGLOBAL.c **** * 30 May 2013	 v1.0.4	  1. Added the clock gating disable code generation for 
  61:../Dave/Generated/src/CANGLOBAL/CANGLOBAL.c **** *                            XMC4100,XMC4200 & XMC4400 series. 
  62:../Dave/Generated/src/CANGLOBAL/CANGLOBAL.c **** */
  63:../Dave/Generated/src/CANGLOBAL/CANGLOBAL.c **** /**
  64:../Dave/Generated/src/CANGLOBAL/CANGLOBAL.c ****  * @file   CANGLOBAL.c
  65:../Dave/Generated/src/CANGLOBAL/CANGLOBAL.c ****  *
  66:../Dave/Generated/src/CANGLOBAL/CANGLOBAL.c ****  * @App Version CANGLOBAL <1.0.8>
  67:../Dave/Generated/src/CANGLOBAL/CANGLOBAL.c ****  * 
  68:../Dave/Generated/src/CANGLOBAL/CANGLOBAL.c ****  * @brief CAN Global App Implementation
  69:../Dave/Generated/src/CANGLOBAL/CANGLOBAL.c ****  *	
  70:../Dave/Generated/src/CANGLOBAL/CANGLOBAL.c ****  *
  71:../Dave/Generated/src/CANGLOBAL/CANGLOBAL.c ****  */
  72:../Dave/Generated/src/CANGLOBAL/CANGLOBAL.c **** 
  73:../Dave/Generated/src/CANGLOBAL/CANGLOBAL.c **** /*******************************************************************************
  74:../Dave/Generated/src/CANGLOBAL/CANGLOBAL.c **** **                      Author(s) Identity                                    **
  75:../Dave/Generated/src/CANGLOBAL/CANGLOBAL.c **** ********************************************************************************
  76:../Dave/Generated/src/CANGLOBAL/CANGLOBAL.c **** **                                                                            **
  77:../Dave/Generated/src/CANGLOBAL/CANGLOBAL.c **** ** Initials     Name                                                          **
  78:../Dave/Generated/src/CANGLOBAL/CANGLOBAL.c **** ** ---------------------------------------------------------------------------**
  79:../Dave/Generated/src/CANGLOBAL/CANGLOBAL.c **** ** NPJ        App Developer                                                   **
  80:../Dave/Generated/src/CANGLOBAL/CANGLOBAL.c **** *******************************************************************************/
  81:../Dave/Generated/src/CANGLOBAL/CANGLOBAL.c **** 
  82:../Dave/Generated/src/CANGLOBAL/CANGLOBAL.c **** /*******************************************************************************
  83:../Dave/Generated/src/CANGLOBAL/CANGLOBAL.c ****  ** INCLUDE FILES                                                             **
  84:../Dave/Generated/src/CANGLOBAL/CANGLOBAL.c ****  ******************************************************************************/
  85:../Dave/Generated/src/CANGLOBAL/CANGLOBAL.c **** /** Inclusion of header file */
  86:../Dave/Generated/src/CANGLOBAL/CANGLOBAL.c **** #include <DAVE3.h>
  87:../Dave/Generated/src/CANGLOBAL/CANGLOBAL.c **** 
  88:../Dave/Generated/src/CANGLOBAL/CANGLOBAL.c **** /*******************************************************************************
  89:../Dave/Generated/src/CANGLOBAL/CANGLOBAL.c **** **                      Private Macro Definitions                             **
  90:../Dave/Generated/src/CANGLOBAL/CANGLOBAL.c **** *******************************************************************************/		
  91:../Dave/Generated/src/CANGLOBAL/CANGLOBAL.c **** 
  92:../Dave/Generated/src/CANGLOBAL/CANGLOBAL.c **** /*******************************************************************************
  93:../Dave/Generated/src/CANGLOBAL/CANGLOBAL.c **** **                      Private Type Definitions                              **
  94:../Dave/Generated/src/CANGLOBAL/CANGLOBAL.c **** *******************************************************************************/
  95:../Dave/Generated/src/CANGLOBAL/CANGLOBAL.c **** 
  96:../Dave/Generated/src/CANGLOBAL/CANGLOBAL.c **** /*******************************************************************************
  97:../Dave/Generated/src/CANGLOBAL/CANGLOBAL.c **** **                 Private Function Declarations:
  98:../Dave/Generated/src/CANGLOBAL/CANGLOBAL.c **** *******************************************************************************/
  99:../Dave/Generated/src/CANGLOBAL/CANGLOBAL.c **** 
 100:../Dave/Generated/src/CANGLOBAL/CANGLOBAL.c **** /*******************************************************************************
 101:../Dave/Generated/src/CANGLOBAL/CANGLOBAL.c **** **                      Global Constant Definitions                           **
 102:../Dave/Generated/src/CANGLOBAL/CANGLOBAL.c **** *******************************************************************************/
 103:../Dave/Generated/src/CANGLOBAL/CANGLOBAL.c **** 
 104:../Dave/Generated/src/CANGLOBAL/CANGLOBAL.c **** /*******************************************************************************
 105:../Dave/Generated/src/CANGLOBAL/CANGLOBAL.c **** **                      Global Variable Definitions                           **
 106:../Dave/Generated/src/CANGLOBAL/CANGLOBAL.c **** *******************************************************************************/
 107:../Dave/Generated/src/CANGLOBAL/CANGLOBAL.c **** 
 108:../Dave/Generated/src/CANGLOBAL/CANGLOBAL.c **** /*******************************************************************************
 109:../Dave/Generated/src/CANGLOBAL/CANGLOBAL.c **** **                      Private Constant Definitions                          **
 110:../Dave/Generated/src/CANGLOBAL/CANGLOBAL.c **** *******************************************************************************/
 111:../Dave/Generated/src/CANGLOBAL/CANGLOBAL.c **** 
 112:../Dave/Generated/src/CANGLOBAL/CANGLOBAL.c **** /*******************************************************************************
 113:../Dave/Generated/src/CANGLOBAL/CANGLOBAL.c **** **                 Function like macro definitions                            **
 114:../Dave/Generated/src/CANGLOBAL/CANGLOBAL.c **** *******************************************************************************/
 115:../Dave/Generated/src/CANGLOBAL/CANGLOBAL.c **** 
 116:../Dave/Generated/src/CANGLOBAL/CANGLOBAL.c **** /*******************************************************************************
 117:../Dave/Generated/src/CANGLOBAL/CANGLOBAL.c **** **                      Private Function Definitions                          **
 118:../Dave/Generated/src/CANGLOBAL/CANGLOBAL.c **** *******************************************************************************/
 119:../Dave/Generated/src/CANGLOBAL/CANGLOBAL.c **** 
 120:../Dave/Generated/src/CANGLOBAL/CANGLOBAL.c **** /*******************************************************************************
 121:../Dave/Generated/src/CANGLOBAL/CANGLOBAL.c **** **                      Public Function Definitions                           **
 122:../Dave/Generated/src/CANGLOBAL/CANGLOBAL.c **** *******************************************************************************/
 123:../Dave/Generated/src/CANGLOBAL/CANGLOBAL.c **** 
 124:../Dave/Generated/src/CANGLOBAL/CANGLOBAL.c **** /*  Function to Initialize CAN Clock registers
 125:../Dave/Generated/src/CANGLOBAL/CANGLOBAL.c ****  */
 126:../Dave/Generated/src/CANGLOBAL/CANGLOBAL.c **** void CANGLOBAL_Init(void)
 127:../Dave/Generated/src/CANGLOBAL/CANGLOBAL.c **** {
  28              		.loc 1 127 0
  29              		.cfi_startproc
  30              		@ args = 0, pretend = 0, frame = 0
  31              		@ frame_needed = 1, uses_anonymous_args = 0
  32 0000 80B5     		push	{r7, lr}
  33              	.LCFI0:
  34              		.cfi_def_cfa_offset 8
  35              		.cfi_offset 7, -8
  36              		.cfi_offset 14, -4
  37 0002 00AF     		add	r7, sp, #0
  38              	.LCFI1:
  39              		.cfi_def_cfa_register 7
 128:../Dave/Generated/src/CANGLOBAL/CANGLOBAL.c ****   static uint8_t isInitialized = 0U;
 129:../Dave/Generated/src/CANGLOBAL/CANGLOBAL.c ****   if(isInitialized == 0U)
  40              		.loc 1 129 0
  41 0004 40F20003 		movw	r3, #:lower16:isInitialized.6887
  42 0008 C0F20003 		movt	r3, #:upper16:isInitialized.6887
  43 000c 1B78     		ldrb	r3, [r3, #0]	@ zero_extendqisi2
  44 000e 002B     		cmp	r3, #0
  45 0010 42D1     		bne	.L1
 130:../Dave/Generated/src/CANGLOBAL/CANGLOBAL.c ****   {
 131:../Dave/Generated/src/CANGLOBAL/CANGLOBAL.c ****     /* Reset MultiCAN module */	
 132:../Dave/Generated/src/CANGLOBAL/CANGLOBAL.c ****     RESET001_DeassertReset(PER1_MCAN0);
  46              		.loc 1 132 0
  47 0012 4FF01000 		mov	r0, #16
  48 0016 C1F20000 		movt	r0, 4096
  49 001a FFF7FEFF 		bl	RESET001_DeassertReset
 133:../Dave/Generated/src/CANGLOBAL/CANGLOBAL.c ****     /* Enable CAN Module */
 134:../Dave/Generated/src/CANGLOBAL/CANGLOBAL.c ****     CAN->CLC &= (uint32_t)~CAN_CLC_DISR_Msk;
  50              		.loc 1 134 0
  51 001e 4FF48043 		mov	r3, #16384
  52 0022 C4F60103 		movt	r3, 18433
  53 0026 4FF48042 		mov	r2, #16384
  54 002a C4F60102 		movt	r2, 18433
  55 002e 1268     		ldr	r2, [r2, #0]
  56 0030 22F00102 		bic	r2, r2, #1
  57 0034 1A60     		str	r2, [r3, #0]
 135:../Dave/Generated/src/CANGLOBAL/CANGLOBAL.c ****     /* Select the Divider Mode */
 136:../Dave/Generated/src/CANGLOBAL/CANGLOBAL.c ****     while((CAN->CLC & CAN_CLC_DISS_Msk))
  58              		.loc 1 136 0
  59 0036 00BF     		nop
  60              	.L3:
  61              		.loc 1 136 0 is_stmt 0 discriminator 1
  62 0038 4FF48043 		mov	r3, #16384
  63 003c C4F60103 		movt	r3, 18433
  64 0040 1B68     		ldr	r3, [r3, #0]
  65 0042 03F00203 		and	r3, r3, #2
  66 0046 002B     		cmp	r3, #0
  67 0048 F6D1     		bne	.L3
 137:../Dave/Generated/src/CANGLOBAL/CANGLOBAL.c ****     {}
 138:../Dave/Generated/src/CANGLOBAL/CANGLOBAL.c ****     CAN->FDR |= 1U <<CAN_FDR_DM_Pos;
  68              		.loc 1 138 0 is_stmt 1
  69 004a 4FF48043 		mov	r3, #16384
  70 004e C4F60103 		movt	r3, 18433
  71 0052 4FF48042 		mov	r2, #16384
  72 0056 C4F60102 		movt	r2, 18433
  73 005a D268     		ldr	r2, [r2, #12]
  74 005c 42F48042 		orr	r2, r2, #16384
  75 0060 DA60     		str	r2, [r3, #12]
 139:../Dave/Generated/src/CANGLOBAL/CANGLOBAL.c ****     /* Configure step value */
 140:../Dave/Generated/src/CANGLOBAL/CANGLOBAL.c ****     CAN->FDR |= 1023U << CAN_FDR_STEP_Pos;
  76              		.loc 1 140 0
  77 0062 4FF48043 		mov	r3, #16384
  78 0066 C4F60103 		movt	r3, 18433
  79 006a 4FF48042 		mov	r2, #16384
  80 006e C4F60102 		movt	r2, 18433
  81 0072 D268     		ldr	r2, [r2, #12]
  82 0074 6FEA9222 		mvn	r2, r2, lsr #10
  83 0078 6FEA8222 		mvn	r2, r2, lsl #10
  84 007c DA60     		str	r2, [r3, #12]
 141:../Dave/Generated/src/CANGLOBAL/CANGLOBAL.c ****     isInitialized++;
  85              		.loc 1 141 0
  86 007e 40F20003 		movw	r3, #:lower16:isInitialized.6887
  87 0082 C0F20003 		movt	r3, #:upper16:isInitialized.6887
  88 0086 1B78     		ldrb	r3, [r3, #0]	@ zero_extendqisi2
  89 0088 03F10103 		add	r3, r3, #1
  90 008c DAB2     		uxtb	r2, r3
  91 008e 40F20003 		movw	r3, #:lower16:isInitialized.6887
  92 0092 C0F20003 		movt	r3, #:upper16:isInitialized.6887
  93 0096 1A70     		strb	r2, [r3, #0]
  94              	.L1:
 142:../Dave/Generated/src/CANGLOBAL/CANGLOBAL.c ****   } 
 143:../Dave/Generated/src/CANGLOBAL/CANGLOBAL.c **** }
  95              		.loc 1 143 0
  96 0098 80BD     		pop	{r7, pc}
  97              		.cfi_endproc
  98              	.LFE112:
 100 009a 00BF     		.bss
 101              	isInitialized.6887:
 102 0000 00       		.space	1
 103              		.text
 104              	.Letext0:
 105              		.file 2 "c:\\dave-3.1.8\\dave-3.1.8\\arm-gcc\\bin\\../lib/gcc/arm-none-eabi/4.7.4/../../../../arm-
 106              		.file 3 "C:\\DAVE-3.1.8\\DAVE-3.1.8\\eclipse\\/../CMSIS/Infineon/XMC4500_series/Include/XMC4500.h"
 107              		.file 4 "D:\\DAVE3_workspace\\ws\\jjj\\Dave\\Generated\\inc\\DAVESupport/../../inc/RESET001/RESET0
 108              		.file 5 "C:\\DAVE-3.1.8\\DAVE-3.1.8\\eclipse\\/../CMSIS/Include/core_cm4.h"
DEFINED SYMBOLS
                            *ABS*:00000000 CANGLOBAL.c
C:\DOCUME~1\ADMINI~1\LOCALS~1\Temp\ccKngWWG.s:20     .text.CANGLOBAL_Init:00000000 $t
C:\DOCUME~1\ADMINI~1\LOCALS~1\Temp\ccKngWWG.s:25     .text.CANGLOBAL_Init:00000000 CANGLOBAL_Init
C:\DOCUME~1\ADMINI~1\LOCALS~1\Temp\ccKngWWG.s:101    .bss:00000000 isInitialized.6887
C:\DOCUME~1\ADMINI~1\LOCALS~1\Temp\ccKngWWG.s:102    .bss:00000000 $d
                     .debug_frame:00000010 $d
                           .group:00000000 wm4.1.2b180dddedb01d2657948e7c599ffc4b
                           .group:00000000 wm4.XMC4500.h.45.215f4b8c79f46c7645c15373868d08c0
                           .group:00000000 wm4.core_cm4.h.47.41af406cb4cda82c972f112a9cd0a024
                           .group:00000000 wm4.newlib.h.8.a9901dc52d1357e3e94003403d43f8b5
                           .group:00000000 wm4.features.h.22.b72b3baab2bb2eab3661375590100b6b
                           .group:00000000 wm4.config.h.193.5fb8ef056cdff92dec3dee9552839d8c
                           .group:00000000 wm4._ansi.h.23.7aefdac4826acebbfc9f3822a0aeb14c
                           .group:00000000 wm4.stdint.h.20.54ad762faa59e3c05491630641c8d8bf
                           .group:00000000 wm4.core_cmInstr.h.39.3d3d1b4a79aef37532666dc6ee87c6ac
                           .group:00000000 wm4.core_cm4_simd.h.43.b5d1d38735af6366227b4256d330cf13
                           .group:00000000 wm4.core_cm4.h.178.e5ef5ce66d198d7f00f9d0076e267c41
                           .group:00000000 wm4.system_XMC4500.h.29.827f68baa362c84f2abae4ab67dde7c9
                           .group:00000000 wm4.XMC4500.h.198.8e022f279ff353ed081df898dc7b9cf3
                           .group:00000000 wm4.stddef.h.40.50cf36416e06376af8a9dca28536f2e4
                           .group:00000000 wm4.types.h.56.306df69fa5fe20f9057853cf3efa51a9
                           .group:00000000 wm4.MULTIPLEXER.h.45.f64ca92d72393a8beea4bac839d9ba32
                           .group:00000000 wm4.CCU8PWMLIB.h.69.6fc7028fa5cec90e04e15540cf2324e9
                           .group:00000000 wm4.MOTORLIB.h.62.951091d95913dd2ff36d761323a1771d
                           .group:00000000 wm4.DBG001.h.116.d6d9e7459a0faa3905c97c1d2edb339d
                           .group:00000000 wm4.CAN_Types.h.39.c1885d4e8823aca0b17273f52e39394e
                           .group:00000000 wm4.CAN001.h.73.2867c30dc9ce1f649c22907bb7f1ae00
                           .group:00000000 wm4.CAN001_Conf.h.47.6b224a0bfbf8bcde5b198cce051155fa
                           .group:00000000 wm4.CAN001.h.1156.897d05c6ebe0c8769b48e0de7c315928
                           .group:00000000 wm4.NVIC002.h.59.48c35978ed54e4015de10feda9cef27c

UNDEFINED SYMBOLS
RESET001_DeassertReset
