   1              		.syntax unified
   2              		.cpu cortex-m4
   3              		.eabi_attribute 27, 3
   4              		.fpu fpv4-sp-d16
   5              		.eabi_attribute 20, 1
   6              		.eabi_attribute 21, 1
   7              		.eabi_attribute 23, 3
   8              		.eabi_attribute 24, 1
   9              		.eabi_attribute 25, 1
  10              		.eabi_attribute 26, 1
  11              		.eabi_attribute 30, 6
  12              		.eabi_attribute 34, 1
  13              		.eabi_attribute 18, 4
  14              		.thumb
  15              		.file	"NVIC002_Conf.c"
  16              		.text
  17              	.Ltext0:
  18              		.cfi_sections	.debug_frame
  19              		.global	NVIC002_Handle0
  20              		.section	.rodata
  21              		.align	2
  24              	NVIC002_Handle0:
  25 0000 4D       		.byte	77
  26 0001 0A       		.byte	10
  27 0002 00       		.byte	0
  28 0003 00       		.text
  29              	.Letext0:
  30              		.file 1 "c:\\dave-3.1.8\\dave-3.1.8\\arm-gcc\\bin\\../lib/gcc/arm-none-eabi/4.7.4/../../../../arm-
  31              		.file 2 "D:\\DAVE3_workspace\\ws\\jjj\\Dave\\Generated\\inc\\DAVESupport/../../inc/NVIC002/NVIC002
  32              		.file 3 "C:\\DAVE-3.1.8\\DAVE-3.1.8\\eclipse\\/../CMSIS/Include/core_cm4.h"
  33              		.file 4 "../Dave/Generated/src/NVIC002/NVIC002_Conf.c"
DEFINED SYMBOLS
                            *ABS*:00000000 NVIC002_Conf.c
C:\DOCUME~1\ADMINI~1\LOCALS~1\Temp\ccLepFOw.s:24     .rodata:00000000 NVIC002_Handle0
C:\DOCUME~1\ADMINI~1\LOCALS~1\Temp\ccLepFOw.s:21     .rodata:00000000 $d
                           .group:00000000 wm4.1.2b180dddedb01d2657948e7c599ffc4b
                           .group:00000000 wm4.XMC4500.h.45.215f4b8c79f46c7645c15373868d08c0
                           .group:00000000 wm4.core_cm4.h.47.41af406cb4cda82c972f112a9cd0a024
                           .group:00000000 wm4.newlib.h.8.a9901dc52d1357e3e94003403d43f8b5
                           .group:00000000 wm4.features.h.22.b72b3baab2bb2eab3661375590100b6b
                           .group:00000000 wm4.config.h.193.5fb8ef056cdff92dec3dee9552839d8c
                           .group:00000000 wm4._ansi.h.23.7aefdac4826acebbfc9f3822a0aeb14c
                           .group:00000000 wm4.stdint.h.20.54ad762faa59e3c05491630641c8d8bf
                           .group:00000000 wm4.core_cmInstr.h.39.3d3d1b4a79aef37532666dc6ee87c6ac
                           .group:00000000 wm4.core_cm4_simd.h.43.b5d1d38735af6366227b4256d330cf13
                           .group:00000000 wm4.core_cm4.h.178.e5ef5ce66d198d7f00f9d0076e267c41
                           .group:00000000 wm4.system_XMC4500.h.29.827f68baa362c84f2abae4ab67dde7c9
                           .group:00000000 wm4.XMC4500.h.198.8e022f279ff353ed081df898dc7b9cf3
                           .group:00000000 wm4.stddef.h.40.50cf36416e06376af8a9dca28536f2e4
                           .group:00000000 wm4.types.h.56.306df69fa5fe20f9057853cf3efa51a9
                           .group:00000000 wm4.MULTIPLEXER.h.45.f64ca92d72393a8beea4bac839d9ba32
                           .group:00000000 wm4.CCU8PWMLIB.h.69.6fc7028fa5cec90e04e15540cf2324e9
                           .group:00000000 wm4.MOTORLIB.h.62.951091d95913dd2ff36d761323a1771d
                           .group:00000000 wm4.DBG001.h.116.d6d9e7459a0faa3905c97c1d2edb339d
                           .group:00000000 wm4.CAN_Types.h.39.c1885d4e8823aca0b17273f52e39394e
                           .group:00000000 wm4.CAN001.h.73.2867c30dc9ce1f649c22907bb7f1ae00
                           .group:00000000 wm4.CAN001_Conf.h.47.6b224a0bfbf8bcde5b198cce051155fa
                           .group:00000000 wm4.CAN001.h.1156.897d05c6ebe0c8769b48e0de7c315928
                           .group:00000000 wm4.NVIC002.h.59.48c35978ed54e4015de10feda9cef27c

NO UNDEFINED SYMBOLS
